d:\myworkspace\vs-repos\五子棋大作业\gobang\x64\debug\vc143.pdb
d:\myworkspace\vs-repos\五子棋大作业\gobang\x64\debug\vc143.idb
d:\myworkspace\vs-repos\五子棋大作业\gobang\x64\debug\shape.obj
d:\myworkspace\vs-repos\五子棋大作业\gobang\x64\debug\quick_sort.obj
d:\myworkspace\vs-repos\五子棋大作业\gobang\x64\debug\judge.obj
d:\myworkspace\vs-repos\五子棋大作业\gobang\x64\debug\chessai.obj
d:\myworkspace\vs-repos\五子棋大作业\gobang\x64\debug\chess.obj
d:\myworkspace\vs-repos\五子棋大作业\gobang\x64\debug\tree.obj
d:\myworkspace\vs-repos\五子棋大作业\gobang\x64\debug\gobang.lib
d:\myworkspace\vs-repos\五子棋大作业\gobang\x64\debug\gobang.exp
d:\myworkspace\vs-repos\五子棋大作业\gobang\x64\debug\gobang.exe
d:\myworkspace\vs-repos\五子棋大作业\gobang\x64\debug\gobang.ilk
d:\myworkspace\vs-repos\五子棋大作业\gobang\x64\debug\gobang.pdb
d:\myworkspace\vs-repos\五子棋大作业\gobang\x64\debug\gobang.tlog\cl.command.1.tlog
d:\myworkspace\vs-repos\五子棋大作业\gobang\x64\debug\gobang.tlog\cl.items.tlog
d:\myworkspace\vs-repos\五子棋大作业\gobang\x64\debug\gobang.tlog\cl.read.1.tlog
d:\myworkspace\vs-repos\五子棋大作业\gobang\x64\debug\gobang.tlog\cl.write.1.tlog
d:\myworkspace\vs-repos\五子棋大作业\gobang\x64\debug\gobang.tlog\link.command.1.tlog
d:\myworkspace\vs-repos\五子棋大作业\gobang\x64\debug\gobang.tlog\link.read.1.tlog
d:\myworkspace\vs-repos\五子棋大作业\gobang\x64\debug\gobang.tlog\link.write.1.tlog
d:\myworkspace\vs-repos\五子棋大作业\gobang\x64\debug\gobang.tlog\link.write.2u.tlog
