  chess.c
D:\myworkspace\vs-repos\五子棋大作业\gobang\value.h(3,1): warning C4005: “NULL”: 宏重定义
D:\visualstudioCommunity\VC\Tools\MSVC\14.37.32822\include\vcruntime.h(235,1): message : 参见“NULL”的前一个定义
D:\myworkspace\vs-repos\五子棋大作业\gobang\chess.c(37,36): warning C4020: “getInput”: 实参太多
D:\myworkspace\vs-repos\五子棋大作业\gobang\chess.c(43,36): warning C4020: “getInput”: 实参太多
D:\myworkspace\vs-repos\五子棋大作业\gobang\chess.c(98,2): warning C4013: “system”未定义；假设外部返回 int
  judge.c
D:\myworkspace\vs-repos\五子棋大作业\gobang\value.h(3,1): warning C4005: “NULL”: 宏重定义
D:\visualstudioCommunity\VC\Tools\MSVC\14.37.32822\include\vcruntime.h(235,1): message : 参见“NULL”的前一个定义
D:\myworkspace\vs-repos\五子棋大作业\gobang\judge.c(117,35): warning C4244: “=”: 从“__int64”转换到“int”，可能丢失数据
D:\myworkspace\vs-repos\五子棋大作业\gobang\judge.c(147,36): warning C4244: “=”: 从“__int64”转换到“int”，可能丢失数据
D:\myworkspace\vs-repos\五子棋大作业\gobang\judge.c(156,36): warning C4244: “=”: 从“__int64”转换到“int”，可能丢失数据
D:\myworkspace\vs-repos\五子棋大作业\gobang\judge.c(175,35): warning C4244: “=”: 从“__int64”转换到“int”，可能丢失数据
D:\myworkspace\vs-repos\五子棋大作业\gobang\judge.c(205,36): warning C4244: “=”: 从“__int64”转换到“int”，可能丢失数据
D:\myworkspace\vs-repos\五子棋大作业\gobang\judge.c(214,36): warning C4244: “=”: 从“__int64”转换到“int”，可能丢失数据
D:\myworkspace\vs-repos\五子棋大作业\gobang\judge.c(233,35): warning C4244: “=”: 从“__int64”转换到“int”，可能丢失数据
D:\myworkspace\vs-repos\五子棋大作业\gobang\judge.c(263,36): warning C4244: “=”: 从“__int64”转换到“int”，可能丢失数据
D:\myworkspace\vs-repos\五子棋大作业\gobang\judge.c(272,36): warning C4244: “=”: 从“__int64”转换到“int”，可能丢失数据
D:\myworkspace\vs-repos\五子棋大作业\gobang\judge.c(291,35): warning C4244: “=”: 从“__int64”转换到“int”，可能丢失数据
D:\myworkspace\vs-repos\五子棋大作业\gobang\judge.c(321,36): warning C4244: “=”: 从“__int64”转换到“int”，可能丢失数据
D:\myworkspace\vs-repos\五子棋大作业\gobang\judge.c(330,36): warning C4244: “=”: 从“__int64”转换到“int”，可能丢失数据
  Tree.c
D:\myworkspace\vs-repos\五子棋大作业\gobang\Tree.c(4,1): warning C4029: 声明的形参表不同于定义
  正在生成代码...
D:\myworkspace\vs-repos\五子棋大作业\gobang\judge.c(42): warning C4715: “judgeWin”: 不是所有的控件路径都返回值
  gobang.vcxproj -> D:\myworkspace\vs-repos\五子棋大作业\gobang\x64\Debug\gobang.exe
